<?xml version="1.0" encoding="UTF-8"?>
<!-- Generated by org.testng.reporters.JUnitReportReporter -->
<testsuite hostname="TVMATP403905D" name="com.tams.auto.framework.BusinessProcess" tests="6" failures="0" timestamp="27 Feb 2017 10:17:01 GMT" time="12.870" errors="0">
  <testcase name="Deselect_All" time="0.704" classname="com.tams.auto.framework.BusinessProcess"/>
  <testcase name="Select_Multiple" time="1.161" classname="com.tams.auto.framework.BusinessProcess"/>
  <testcase name="Uncheck_BP" time="1.142" classname="com.tams.auto.framework.BusinessProcess"/>
  <testcase name="Select_All" time="0.785" classname="com.tams.auto.framework.BusinessProcess"/>
  <testcase name="UncheckAll_BP" time="1.162" classname="com.tams.auto.framework.BusinessProcess"/>
  <testcase name="Check" time="7.916" classname="com.tams.auto.framework.BusinessProcess"/>
</testsuite> <!-- com.tams.auto.framework.BusinessProcess -->
