<?xml version="1.0" encoding="UTF-8"?>
<!-- Generated by org.testng.reporters.JUnitReportReporter -->
<testsuite hostname="TVMATP403905D" name="userStory_05.Userstory_05" tests="1" failures="0" timestamp="11 Jan 2017 04:30:04 GMT" time="59.505" errors="0">
  <testcase name="LoginCheck" time="59.505" classname="userStory_05.Userstory_05"/>
</testsuite> <!-- userStory_05.Userstory_05 -->
