<?xml version="1.0" encoding="UTF-8"?>
<!-- Generated by org.testng.reporters.JUnitReportReporter -->
<testsuite hostname="TVMATP403905D" name="userStory_05.Userstory_05" tests="1" failures="0" timestamp="10 Jan 2017 08:31:24 GMT" time="64.846" errors="0">
  <testcase name="LoginCheck" time="64.846" classname="userStory_05.Userstory_05"/>
</testsuite> <!-- userStory_05.Userstory_05 -->
