<?xml version="1.0" encoding="UTF-8"?>
<!-- Generated by org.testng.reporters.JUnitReportReporter -->
<testsuite hostname="TVMATP385814D" name="Keurig_1.Testclass" tests="1" failures="0" timestamp="20 Dec 2016 10:00:03 GMT" time="0.014" errors="0">
  <testcase name="Logintest" time="0.014" classname="Keurig_1.Testclass"/>
</testsuite> <!-- Keurig_1.Testclass -->
